# JRE version: Java(TM) SE Runtime Environment (17.0.3.1+2) (build 17.0.3.1+2-LTS-6)
# Java VM: Java HotSpot(TM) 64-Bit Server VM (17.0.3.1+2-LTS-6, mixed mode, sharing, tiered, compressed oops, compressed class ptrs, g1 gc, windows-amd64)
GC Precious Log:
 CPUs: 12 total, 12 available
 Memory: 7967M
 Large Page Support: Disabled
 NUMA Support: Disabled
 Compressed Oops: Enabled (32-bit)
 Heap Region Size: 1M
 Heap Min Capacity: 8M
 Heap Initial Capacity: 126M
 Heap Max Capacity: 1992M
 Pre-touch: Disabled
 Parallel Workers: 10
 Concurrent Workers: 3
 Concurrent Refinement Workers: 10
 Periodic GC: Disabled
Heap:
 garbage-first heap   total 150528K, used 77824K [0x0000000083800000, 0x0000000100000000)
  region size 1024K, 6 young (6144K), 6 survivors (6144K)
 Metaspace       used 76077K, committed 76672K, reserved 1122304K
  class space    used 10477K, committed 10752K, reserved 1048576K
GC Heap History (20 events):
Event: 7.319 GC heap after
{Heap after GC invocations=16 (full 0):
 garbage-first heap   total 81920K, used 33339K [0x0000000083800000, 0x0000000100000000)
  region size 1024K, 5 young (5120K), 5 survivors (5120K)
 Metaspace       used 68974K, committed 69504K, reserved 1114112K
  class space    used 9612K, committed 9856K, reserved 1048576K
}
Event: 7.503 GC heap before
{Heap before GC invocations=16 (full 0):
 garbage-first heap   total 81920K, used 65083K [0x0000000083800000, 0x0000000100000000)
  region size 1024K, 36 young (36864K), 5 survivors (5120K)
 Metaspace       used 71010K, committed 71552K, reserved 1114112K
  class space    used 9898K, committed 10176K, reserved 1048576K
}
Event: 7.509 GC heap after
{Heap after GC invocations=17 (full 0):
 garbage-first heap   total 98304K, used 34875K [0x0000000083800000, 0x0000000100000000)
  region size 1024K, 4 young (4096K), 4 survivors (4096K)
 Metaspace       used 71010K, committed 71552K, reserved 1114112K
  class space    used 9898K, committed 10176K, reserved 1048576K
}
Event: 7.685 GC heap before
{Heap before GC invocations=17 (full 0):
 garbage-first heap   total 98304K, used 78907K [0x0000000083800000, 0x0000000100000000)
  region size 1024K, 47 young (48128K), 4 survivors (4096K)
 Metaspace       used 71436K, committed 72000K, reserved 1114112K
  class space    used 9945K, committed 10240K, reserved 1048576K
}
Event: 7.690 GC heap after
{Heap after GC invocations=18 (full 0):
 garbage-first heap   total 98304K, used 36285K [0x0000000083800000, 0x0000000100000000)
  region size 1024K, 3 young (3072K), 3 survivors (3072K)
 Metaspace       used 71436K, committed 72000K, reserved 1114112K
  class space    used 9945K, committed 10240K, reserved 1048576K
}
Event: 8.121 GC heap before
{Heap before GC invocations=18 (full 0):
 garbage-first heap   total 98304K, used 79293K [0x0000000083800000, 0x0000000100000000)
  region size 1024K, 45 young (46080K), 3 survivors (3072K)
 Metaspace       used 74646K, committed 75200K, reserved 1114112K
  class space    used 10355K, committed 10624K, reserved 1048576K
}
Event: 8.128 GC heap after
{Heap after GC invocations=19 (full 0):
 garbage-first heap   total 98304K, used 38338K [0x0000000083800000, 0x0000000100000000)
  region size 1024K, 5 young (5120K), 5 survivors (5120K)
 Metaspace       used 74646K, committed 75200K, reserved 1114112K
  class space    used 10355K, committed 10624K, reserved 1048576K
}
Event: 8.389 GC heap before
{Heap before GC invocations=19 (full 0):
 garbage-first heap   total 98304K, used 80322K [0x0000000083800000, 0x0000000100000000)
  region size 1024K, 46 young (47104K), 5 survivors (5120K)
 Metaspace       used 75760K, committed 76352K, reserved 1122304K
  class space    used 10463K, committed 10752K, reserved 1048576K
}
Event: 8.401 GC heap after
{Heap after GC invocations=20 (full 0):
 garbage-first heap   total 98304K, used 45247K [0x0000000083800000, 0x0000000100000000)
  region size 1024K, 6 young (6144K), 6 survivors (6144K)
 Metaspace       used 75760K, committed 76352K, reserved 1122304K
  class space    used 10463K, committed 10752K, reserved 1048576K
}
Event: 8.572 GC heap before
{Heap before GC invocations=20 (full 0):
 garbage-first heap   total 98304K, used 76991K [0x0000000083800000, 0x0000000100000000)
  region size 1024K, 37 young (37888K), 6 survivors (6144K)
 Metaspace       used 75924K, committed 76544K, reserved 1122304K
  class space    used 10475K, committed 10752K, reserved 1048576K
}
Event: 8.586 GC heap after
{Heap after GC invocations=21 (full 0):
 garbage-first heap   total 122880K, used 53570K [0x0000000083800000, 0x0000000100000000)
  region size 1024K, 5 young (5120K), 5 survivors (5120K)
 Metaspace       used 75924K, committed 76544K, reserved 1122304K
  class space    used 10475K, committed 10752K, reserved 1048576K
}
Event: 8.683 GC heap before
{Heap before GC invocations=21 (full 0):
 garbage-first heap   total 122880K, used 92482K [0x0000000083800000, 0x0000000100000000)
  region size 1024K, 43 young (44032K), 5 survivors (5120K)
 Metaspace       used 75973K, committed 76544K, reserved 1122304K
  class space    used 10475K, committed 10752K, reserved 1048576K
}
Event: 8.693 GC heap after
{Heap after GC invocations=22 (full 0):
 garbage-first heap   total 122880K, used 62649K [0x0000000083800000, 0x0000000100000000)
  region size 1024K, 6 young (6144K), 6 survivors (6144K)
 Metaspace       used 75973K, committed 76544K, reserved 1122304K
  class space    used 10475K, committed 10752K, reserved 1048576K
}
Event: 8.822 GC heap before
{Heap before GC invocations=22 (full 0):
 garbage-first heap   total 122880K, used 86201K [0x0000000083800000, 0x0000000100000000)
  region size 1024K, 31 young (31744K), 6 survivors (6144K)
 Metaspace       used 76030K, committed 76608K, reserved 1122304K
  class space    used 10475K, committed 10752K, reserved 1048576K
}
Event: 8.831 GC heap after
{Heap after GC invocations=23 (full 0):
 garbage-first heap   total 122880K, used 71208K [0x0000000083800000, 0x0000000100000000)
  region size 1024K, 5 young (5120K), 5 survivors (5120K)
 Metaspace       used 76030K, committed 76608K, reserved 1122304K
  class space    used 10475K, committed 10752K, reserved 1048576K
}
Event: 8.894 GC heap before
{Heap before GC invocations=24 (full 0):
 garbage-first heap   total 150528K, used 93736K [0x0000000083800000, 0x0000000100000000)
  region size 1024K, 28 young (28672K), 5 survivors (5120K)
 Metaspace       used 76049K, committed 76672K, reserved 1122304K
  class space    used 10475K, committed 10752K, reserved 1048576K
}
Event: 8.903 GC heap after
{Heap after GC invocations=25 (full 0):
 garbage-first heap   total 150528K, used 75975K [0x0000000083800000, 0x0000000100000000)
  region size 1024K, 4 young (4096K), 4 survivors (4096K)
 Metaspace       used 76049K, committed 76672K, reserved 1122304K
  class space    used 10475K, committed 10752K, reserved 1048576K
}
Event: 8.910 GC heap before
{Heap before GC invocations=25 (full 0):
 garbage-first heap   total 150528K, used 78023K [0x0000000083800000, 0x0000000100000000)
  region size 1024K, 7 young (7168K), 4 survivors (4096K)
 Metaspace       used 76049K, committed 76672K, reserved 1122304K
  class space    used 10475K, committed 10752K, reserved 1048576K
}
Event: 8.914 GC heap after
{Heap after GC invocations=26 (full 0):
 garbage-first heap   total 150528K, used 68554K [0x0000000083800000, 0x0000000100000000)
  region size 1024K, 1 young (1024K), 1 survivors (1024K)
 Metaspace       used 76049K, committed 76672K, reserved 1122304K
  class space    used 10475K, committed 10752K, reserved 1048576K
}
Event: 9.068 GC heap before
{Heap before GC invocations=26 (full 0):
 garbage-first heap   total 150528K, used 98250K [0x0000000083800000, 0x0000000100000000)
  region size 1024K, 32 young (32768K), 1 survivors (1024K)
 Metaspace       used 76077K, committed 76672K, reserved 1122304K
  class space    used 10477K, committed 10752K, reserved 1048576K
}

